<?xml version="1.0" encoding="UTF-8"?>
<coverage generated="1702221369170" clover="3.2.0">
  <project timestamp="1702221369170" name="All files">
    <metrics statements="21" coveredstatements="15" conditionals="3" coveredconditionals="2" methods="8" coveredmethods="8" elements="32" coveredelements="25" complexity="0" loc="21" ncloc="21" packages="1" files="2" classes="2"/>
    <file name="index.ts" path="C:\Users\cargo\Desktop\Fonaments\sprint_1\src\index.ts">
      <metrics statements="6" coveredstatements="0" conditionals="0" coveredconditionals="0" methods="0" coveredmethods="0"/>
      <line num="2" count="0" type="stmt"/>
      <line num="4" count="0" type="stmt"/>
      <line num="7" count="0" type="stmt"/>
      <line num="10" count="0" type="stmt"/>
      <line num="13" count="0" type="stmt"/>
      <line num="16" count="0" type="stmt"/>
    </file>
    <file name="todo.ts" path="C:\Users\cargo\Desktop\Fonaments\sprint_1\src\todo.ts">
      <metrics statements="15" coveredstatements="15" conditionals="3" coveredconditionals="2" methods="8" coveredmethods="8"/>
      <line num="2" count="1" type="stmt"/>
      <line num="8" count="1" type="stmt"/>
      <line num="9" count="1" type="stmt"/>
      <line num="10" count="1" type="stmt"/>
      <line num="14" count="1" type="stmt"/>
      <line num="15" count="1" type="stmt"/>
      <line num="20" count="1" type="stmt"/>
      <line num="21" count="1" type="stmt"/>
      <line num="27" count="1" type="stmt"/>
      <line num="28" count="1" type="cond" truecount="1" falsecount="0"/>
      <line num="29" count="1" type="stmt"/>
      <line num="34" count="1" type="stmt"/>
      <line num="35" count="1" type="cond" truecount="1" falsecount="0"/>
      <line num="37" count="1" type="stmt"/>
      <line num="44" count="4" type="stmt"/>
    </file>
  </project>
</coverage>
