<?xml version="1.0" encoding="UTF-8"?>
<coverage generated="1702151969041" clover="3.2.0">
  <project timestamp="1702151969041" name="All files">
    <metrics statements="19" coveredstatements="9" conditionals="2" coveredconditionals="0" methods="8" coveredmethods="4" elements="29" coveredelements="13" complexity="0" loc="19" ncloc="19" packages="1" files="2" classes="2"/>
    <file name="index.ts" path="C:\Users\cargo\Desktop\Fonaments\sprint_1\src\index.ts">
      <metrics statements="6" coveredstatements="0" conditionals="0" coveredconditionals="0" methods="0" coveredmethods="0"/>
      <line num="2" count="0" type="stmt"/>
      <line num="4" count="0" type="stmt"/>
      <line num="7" count="0" type="stmt"/>
      <line num="10" count="0" type="stmt"/>
      <line num="13" count="0" type="stmt"/>
      <line num="16" count="0" type="stmt"/>
    </file>
    <file name="todo.ts" path="C:\Users\cargo\Desktop\Fonaments\sprint_1\src\todo.ts">
      <metrics statements="13" coveredstatements="9" conditionals="2" coveredconditionals="0" methods="8" coveredmethods="4"/>
      <line num="2" count="1" type="stmt"/>
      <line num="8" count="1" type="stmt"/>
      <line num="9" count="1" type="stmt"/>
      <line num="10" count="1" type="stmt"/>
      <line num="14" count="1" type="stmt"/>
      <line num="15" count="1" type="stmt"/>
      <line num="18" count="1" type="stmt"/>
      <line num="19" count="1" type="stmt"/>
      <line num="23" count="0" type="stmt"/>
      <line num="24" count="0" type="cond" truecount="0" falsecount="1"/>
      <line num="25" count="0" type="stmt"/>
      <line num="30" count="0" type="stmt"/>
      <line num="34" count="1" type="stmt"/>
    </file>
  </project>
</coverage>
