{"C:\\Users\\cargo\\Desktop\\Fonaments\\sprint_1\\src\\index.ts": {"path":"C:\\Users\\cargo\\Desktop\\Fonaments\\sprint_1\\src\\index.ts","statementMap":{"0":{"start":{"line":2,"column":0},"end":{"line":2,"column":36}},"1":{"start":{"line":4,"column":13},"end":{"line":4,"column":23}},"2":{"start":{"line":7,"column":0},"end":{"line":7,"column":36}},"3":{"start":{"line":10,"column":0},"end":{"line":10,"column":22}},"4":{"start":{"line":13,"column":0},"end":{"line":13,"column":19}},"5":{"start":{"line":16,"column":0},"end":{"line":16,"column":30}}},"fnMap":{},"branchMap":{},"s":{"0":0,"1":0,"2":0,"3":0,"4":0,"5":0},"f":{},"b":{}}
,"C:\\Users\\cargo\\Desktop\\Fonaments\\sprint_1\\src\\todo.ts": {"path":"C:\\Users\\cargo\\Desktop\\Fonaments\\sprint_1\\src\\todo.ts","statementMap":{"0":{"start":{"line":8,"column":8},"end":{"line":8,"column":21}},"1":{"start":{"line":9,"column":8},"end":{"line":9,"column":39}},"2":{"start":{"line":10,"column":8},"end":{"line":10,"column":35}},"3":{"start":{"line":2,"column":0},"end":{"line":2,"column":13}},"4":{"start":{"line":15,"column":4},"end":{"line":15,"column":23}},"5":{"start":{"line":20,"column":30},"end":{"line":20,"column":81}},"6":{"start":{"line":21,"column":8},"end":{"line":21,"column":33}},"7":{"start":{"line":27,"column":21},"end":{"line":27,"column":56}},"8":{"start":{"line":27,"column":44},"end":{"line":27,"column":55}},"9":{"start":{"line":28,"column":8},"end":{"line":30,"column":9}},"10":{"start":{"line":29,"column":12},"end":{"line":29,"column":34}},"11":{"start":{"line":34,"column":22},"end":{"line":34,"column":62}},"12":{"start":{"line":34,"column":50},"end":{"line":34,"column":61}},"13":{"start":{"line":35,"column":8},"end":{"line":40,"column":9}},"14":{"start":{"line":37,"column":12},"end":{"line":37,"column":40}},"15":{"start":{"line":44,"column":8},"end":{"line":44,"column":26}},"16":{"start":{"line":14,"column":0},"end":{"line":14,"column":13}}},"fnMap":{"0":{"name":"(anonymous_0)","decl":{"start":{"line":7,"column":4},"end":{"line":7,"column":16}},"loc":{"start":{"line":7,"column":75},"end":{"line":11,"column":5}}},"1":{"name":"(anonymous_1)","decl":{"start":{"line":14,"column":0},"end":{"line":14,"column":13}},"loc":{"start":{"line":14,"column":0},"end":{"line":46,"column":1}}},"2":{"name":"(anonymous_2)","decl":{"start":{"line":17,"column":4},"end":{"line":17,"column":14}},"loc":{"start":{"line":17,"column":34},"end":{"line":22,"column":5}}},"3":{"name":"(anonymous_3)","decl":{"start":{"line":24,"column":4},"end":{"line":24,"column":17}},"loc":{"start":{"line":24,"column":28},"end":{"line":31,"column":5}}},"4":{"name":"(anonymous_4)","decl":{"start":{"line":27,"column":37},"end":{"line":27,"column":38}},"loc":{"start":{"line":27,"column":44},"end":{"line":27,"column":55}}},"5":{"name":"(anonymous_5)","decl":{"start":{"line":33,"column":4},"end":{"line":33,"column":14}},"loc":{"start":{"line":33,"column":25},"end":{"line":41,"column":5}}},"6":{"name":"(anonymous_6)","decl":{"start":{"line":34,"column":43},"end":{"line":34,"column":44}},"loc":{"start":{"line":34,"column":50},"end":{"line":34,"column":61}}},"7":{"name":"(anonymous_7)","decl":{"start":{"line":43,"column":4},"end":{"line":43,"column":13}},"loc":{"start":{"line":43,"column":13},"end":{"line":45,"column":5}}}},"branchMap":{"0":{"loc":{"start":{"line":7,"column":49},"end":{"line":7,"column":75}},"type":"default-arg","locations":[{"start":{"line":7,"column":70},"end":{"line":7,"column":75}}]},"1":{"loc":{"start":{"line":28,"column":8},"end":{"line":30,"column":9}},"type":"if","locations":[{"start":{"line":28,"column":8},"end":{"line":30,"column":9}}]},"2":{"loc":{"start":{"line":35,"column":8},"end":{"line":40,"column":9}},"type":"if","locations":[{"start":{"line":35,"column":8},"end":{"line":40,"column":9}}]}},"s":{"0":1,"1":1,"2":1,"3":1,"4":1,"5":1,"6":1,"7":1,"8":1,"9":1,"10":1,"11":1,"12":1,"13":1,"14":1,"15":4,"16":1},"f":{"0":1,"1":1,"2":1,"3":1,"4":1,"5":1,"6":1,"7":4},"b":{"0":[0],"1":[1],"2":[1]}}
}
