TN:
SF:src\index.ts
FNF:0
FNH:0
DA:2,0
DA:4,0
DA:7,0
DA:10,0
DA:13,0
DA:16,0
LF:6
LH:0
BRF:0
BRH:0
end_of_record
TN:
SF:src\todo.ts
FN:7,(anonymous_0)
FN:14,(anonymous_1)
FN:17,(anonymous_2)
FN:24,(anonymous_3)
FN:27,(anonymous_4)
FN:33,(anonymous_5)
FN:34,(anonymous_6)
FN:43,(anonymous_7)
FNF:8
FNH:8
FNDA:1,(anonymous_0)
FNDA:1,(anonymous_1)
FNDA:1,(anonymous_2)
FNDA:1,(anonymous_3)
FNDA:1,(anonymous_4)
FNDA:1,(anonymous_5)
FNDA:1,(anonymous_6)
FNDA:4,(anonymous_7)
DA:2,1
DA:8,1
DA:9,1
DA:10,1
DA:14,1
DA:15,1
DA:20,1
DA:21,1
DA:27,1
DA:28,1
DA:29,1
DA:34,1
DA:35,1
DA:37,1
DA:44,4
LF:15
LH:15
BRDA:7,0,0,0
BRDA:28,1,0,1
BRDA:35,2,0,1
BRF:3
BRH:2
end_of_record
